<?xml version="1.0" encoding="UTF-8"?>
<robot generator="Robot 3.2.2 (Python 3.11.0 on win32)" generated="20230214 16:58:29.108" rpa="false">
<suite id="s1" name="Foodnseat" source="C:\Users\User\git\Techgencia_foodnseat\Foodnseat">
<suite id="s1-s1" name="Folder" source="C:\Users\User\git\Techgencia_foodnseat\Foodnseat\Folder">
<suite id="s1-s1-s1" name="Test suite1" source="C:\Users\User\git\Techgencia_foodnseat\Foodnseat\Folder\Test suite1.robot">
<test id="s1-s1-s1-t1" name=" Menu and seat booking without reservation charge flow">
<kw name="Open Browser" library="SeleniumLibrary">
<doc>Opens a new browser instance to the optional ``url``.</doc>
<arguments>
<arg>${url}</arg>
<arg>${Browser}</arg>
</arguments>
<msg timestamp="20230214 16:58:29.607" level="INFO">Opening browser 'Chrome' to base url 'https://eatnseat.nextgencia.com/tableReserv/'.</msg>
<status status="PASS" starttime="20230214 16:58:29.606" endtime="20230214 16:58:44.842"></status>
</kw>
<kw name="Maximize Browser Window" library="SeleniumLibrary">
<doc>Maximizes current browser window.</doc>
<status status="PASS" starttime="20230214 16:58:44.843" endtime="20230214 16:58:44.988"></status>
</kw>
<kw name="Sleep" library="BuiltIn">
<doc>Pauses the test executed for the given time.</doc>
<arguments>
<arg>10</arg>
</arguments>
<msg timestamp="20230214 16:58:54.992" level="INFO">Slept 10 seconds</msg>
<status status="PASS" starttime="20230214 16:58:44.990" endtime="20230214 16:58:54.992"></status>
</kw>
<kw name="Login as valid user" library="Login">
<kw name="Click Element" library="SeleniumLibrary">
<doc>Click the element identified by ``locator``.</doc>
<arguments>
<arg>${SignIn}</arg>
</arguments>
<msg timestamp="20230214 16:58:54.994" level="INFO">Clicking element '//*[@id="navbarNavDropdown"]/ul/li[1]/a/i'.</msg>
<status status="PASS" starttime="20230214 16:58:54.993" endtime="20230214 16:58:56.127"></status>
</kw>
<kw name="Input Text" library="SeleniumLibrary">
<doc>Types the given ``text`` into the text field identified by ``locator``.</doc>
<arguments>
<arg>${emailid}</arg>
<arg>dineshvikraman87@gmail.com</arg>
</arguments>
<msg timestamp="20230214 16:58:56.128" level="INFO">Typing text 'dineshvikraman87@gmail.com' into text field 'xpath=//input[@id='exampleInputEmail1']'.</msg>
<status status="PASS" starttime="20230214 16:58:56.127" endtime="20230214 16:58:56.693"></status>
</kw>
<kw name="Input Password" library="SeleniumLibrary">
<doc>Types the given password into the text field identified by ``locator``.</doc>
<arguments>
<arg>${password}</arg>
<arg>Dineshuser#1</arg>
</arguments>
<msg timestamp="20230214 16:58:56.694" level="INFO">Typing password into text field 'xpath=//input[@id='mat-input-1']'.</msg>
<msg timestamp="20230214 16:58:56.790" level="INFO">Temporally setting log level to: NONE</msg>
<msg timestamp="20230214 16:58:56.950" level="INFO">Log level changed from NONE to INFO.</msg>
<status status="PASS" starttime="20230214 16:58:56.693" endtime="20230214 16:58:56.950"></status>
</kw>
<kw name="Sleep" library="BuiltIn">
<doc>Pauses the test executed for the given time.</doc>
<arguments>
<arg>8</arg>
</arguments>
<msg timestamp="20230214 16:59:04.951" level="INFO">Slept 8 seconds</msg>
<status status="PASS" starttime="20230214 16:58:56.951" endtime="20230214 16:59:04.951"></status>
</kw>
<kw name="Click Button" library="SeleniumLibrary">
<doc>Clicks the button identified by ``locator``.</doc>
<arguments>
<arg>Sign In</arg>
</arguments>
<msg timestamp="20230214 16:59:04.952" level="INFO">Clicking button 'Sign In'.</msg>
<status status="PASS" starttime="20230214 16:59:04.951" endtime="20230214 16:59:05.023"></status>
</kw>
<status status="PASS" starttime="20230214 16:58:54.993" endtime="20230214 16:59:05.024"></status>
</kw>
<kw name="Sleep" library="BuiltIn">
<doc>Pauses the test executed for the given time.</doc>
<arguments>
<arg>18</arg>
</arguments>
<msg timestamp="20230214 16:59:23.025" level="INFO">Slept 18 seconds</msg>
<status status="PASS" starttime="20230214 16:59:05.025" endtime="20230214 16:59:23.025"></status>
</kw>
<kw name="Click Element" library="SeleniumLibrary">
<doc>Click the element identified by ``locator``.</doc>
<arguments>
<arg>${Select time}</arg>
</arguments>
<msg timestamp="20230214 16:59:23.027" level="INFO">Clicking element 'xpath=/html/body/app-root/app-index-layout/section[1]/div[2]/div/app-banner/div/div/div[1]/form/div/div[2]/div/select'.</msg>
<status status="PASS" starttime="20230214 16:59:23.026" endtime="20230214 16:59:23.103"></status>
</kw>
<kw name="Sleep" library="BuiltIn">
<doc>Pauses the test executed for the given time.</doc>
<arguments>
<arg>3</arg>
</arguments>
<msg timestamp="20230214 16:59:26.105" level="INFO">Slept 3 seconds</msg>
<status status="PASS" starttime="20230214 16:59:23.104" endtime="20230214 16:59:26.106"></status>
</kw>
<kw name="Select From List By Value" library="SeleniumLibrary">
<doc>Selects options from selection list ``locator`` by ``values``.</doc>
<arguments>
<arg>${Select time}</arg>
<arg>5:30 PM</arg>
</arguments>
<msg timestamp="20230214 16:59:26.109" level="INFO">Selecting options from selection list 'xpath=/html/body/app-root/app-index-layout/section[1]/div[2]/div/app-banner/div/div/div[1]/form/div/div[2]/div/select' by value 5:30 PM.</msg>
<status status="PASS" starttime="20230214 16:59:26.107" endtime="20230214 16:59:26.187"></status>
</kw>
<kw name="Sleep" library="BuiltIn">
<doc>Pauses the test executed for the given time.</doc>
<arguments>
<arg>3</arg>
</arguments>
<msg timestamp="20230214 16:59:29.189" level="INFO">Slept 3 seconds</msg>
<status status="PASS" starttime="20230214 16:59:26.187" endtime="20230214 16:59:29.189"></status>
</kw>
<kw name="Click Element" library="SeleniumLibrary">
<doc>Click the element identified by ``locator``.</doc>
<arguments>
<arg>${Select person}</arg>
</arguments>
<msg timestamp="20230214 16:59:29.192" level="INFO">Clicking element 'xpath=/html/body/app-root/app-index-layout/section[1]/div[2]/div/app-banner/div/div/div[1]/form/div/div[3]/div/select'.</msg>
<status status="PASS" starttime="20230214 16:59:29.190" endtime="20230214 16:59:29.325"></status>
</kw>
<kw name="Sleep" library="BuiltIn">
<doc>Pauses the test executed for the given time.</doc>
<arguments>
<arg>3</arg>
</arguments>
<msg timestamp="20230214 16:59:32.328" level="INFO">Slept 3 seconds</msg>
<status status="PASS" starttime="20230214 16:59:29.326" endtime="20230214 16:59:32.329"></status>
</kw>
<kw name="Select From List By Value" library="SeleniumLibrary">
<doc>Selects options from selection list ``locator`` by ``values``.</doc>
<arguments>
<arg>${Select person}</arg>
<arg>4</arg>
</arguments>
<msg timestamp="20230214 16:59:32.331" level="INFO">Selecting options from selection list 'xpath=/html/body/app-root/app-index-layout/section[1]/div[2]/div/app-banner/div/div/div[1]/form/div/div[3]/div/select' by value 4.</msg>
<status status="PASS" starttime="20230214 16:59:32.329" endtime="20230214 16:59:32.542"></status>
</kw>
<kw name="Sleep" library="BuiltIn">
<doc>Pauses the test executed for the given time.</doc>
<arguments>
<arg>7</arg>
</arguments>
<msg timestamp="20230214 16:59:39.545" level="INFO">Slept 7 seconds</msg>
<status status="PASS" starttime="20230214 16:59:32.543" endtime="20230214 16:59:39.545"></status>
</kw>
<kw name="Click Element" library="SeleniumLibrary">
<doc>Click the element identified by ``locator``.</doc>
<arguments>
<arg>id=dropdownMenu2</arg>
</arguments>
<msg timestamp="20230214 16:59:39.548" level="INFO">Clicking element 'id=dropdownMenu2'.</msg>
<status status="PASS" starttime="20230214 16:59:39.546" endtime="20230214 16:59:39.861"></status>
</kw>
<kw name="Sleep" library="BuiltIn">
<doc>Pauses the test executed for the given time.</doc>
<arguments>
<arg>5</arg>
</arguments>
<msg timestamp="20230214 16:59:44.863" level="INFO">Slept 5 seconds</msg>
<status status="PASS" starttime="20230214 16:59:39.862" endtime="20230214 16:59:44.863"></status>
</kw>
<kw name="Click Element" library="SeleniumLibrary">
<doc>Click the element identified by ``locator``.</doc>
<arguments>
<arg>xpath=//*[@id="mat-menu-panel-0"]/div/div[1]/div/div[4]/button[1]</arg>
</arguments>
<msg timestamp="20230214 16:59:44.865" level="INFO">Clicking element 'xpath=//*[@id="mat-menu-panel-0"]/div/div[1]/div/div[4]/button[1]'.</msg>
<status status="PASS" starttime="20230214 16:59:44.864" endtime="20230214 16:59:44.980"></status>
</kw>
<kw name="Sleep" library="BuiltIn">
<doc>Pauses the test executed for the given time.</doc>
<arguments>
<arg>5</arg>
</arguments>
<msg timestamp="20230214 16:59:49.981" level="INFO">Slept 5 seconds</msg>
<status status="PASS" starttime="20230214 16:59:44.980" endtime="20230214 16:59:49.981"></status>
</kw>
<kw name="Click Element" library="SeleniumLibrary">
<doc>Click the element identified by ``locator``.</doc>
<arguments>
<arg>xpath=//*[@id="mat-menu-panel-0"]/div/div[2]/div/button[1]</arg>
</arguments>
<msg timestamp="20230214 16:59:49.982" level="INFO">Clicking element 'xpath=//*[@id="mat-menu-panel-0"]/div/div[2]/div/button[1]'.</msg>
<status status="PASS" starttime="20230214 16:59:49.981" endtime="20230214 16:59:50.040"></status>
</kw>
<kw name="Sleep" library="BuiltIn">
<doc>Pauses the test executed for the given time.</doc>
<arguments>
<arg>2</arg>
</arguments>
<msg timestamp="20230214 16:59:52.041" level="INFO">Slept 2 seconds</msg>
<status status="PASS" starttime="20230214 16:59:50.040" endtime="20230214 16:59:52.042"></status>
</kw>
<kw name="Click Element" library="SeleniumLibrary">
<doc>Click the element identified by ``locator``.</doc>
<arguments>
<arg>class:searchIcon</arg>
</arguments>
<msg timestamp="20230214 16:59:52.044" level="INFO">Clicking element 'class:searchIcon'.</msg>
<status status="PASS" starttime="20230214 16:59:52.043" endtime="20230214 16:59:52.236"></status>
</kw>
<kw name="Sleep" library="BuiltIn">
<doc>Pauses the test executed for the given time.</doc>
<arguments>
<arg>30</arg>
</arguments>
<msg timestamp="20230214 17:00:22.237" level="INFO">Slept 30 seconds</msg>
<status status="PASS" starttime="20230214 16:59:52.237" endtime="20230214 17:00:22.237"></status>
</kw>
<kw name="Click Element" library="SeleniumLibrary">
<doc>Click the element identified by ``locator``.</doc>
<arguments>
<arg>xpath=//*[@id="style-4"]/div/span[1]</arg>
</arguments>
<msg timestamp="20230214 17:00:22.238" level="INFO">Clicking element 'xpath=//*[@id="style-4"]/div/span[1]'.</msg>
<status status="PASS" starttime="20230214 17:00:22.237" endtime="20230214 17:00:22.298"></status>
</kw>
<kw name="Sleep" library="BuiltIn">
<doc>Pauses the test executed for the given time.</doc>
<arguments>
<arg>10</arg>
</arguments>
<msg timestamp="20230214 17:00:32.298" level="INFO">Slept 10 seconds</msg>
<status status="PASS" starttime="20230214 17:00:22.298" endtime="20230214 17:00:32.298"></status>
</kw>
<kw name="Click Button" library="SeleniumLibrary">
<doc>Clicks the button identified by ``locator``.</doc>
<arguments>
<arg>${Select continue button}</arg>
</arguments>
<msg timestamp="20230214 17:00:32.299" level="INFO">Clicking button 'xpath=//*[@id="title_message"]/div/form/button'.</msg>
<status status="PASS" starttime="20230214 17:00:32.299" endtime="20230214 17:00:32.452"></status>
</kw>
<kw name="Sleep" library="BuiltIn">
<doc>Pauses the test executed for the given time.</doc>
<arguments>
<arg>20</arg>
</arguments>
<msg timestamp="20230214 17:00:52.453" level="INFO">Slept 20 seconds</msg>
<status status="PASS" starttime="20230214 17:00:32.452" endtime="20230214 17:00:52.453"></status>
</kw>
<kw name="Click Element" library="SeleniumLibrary">
<doc>Click the element identified by ``locator``.</doc>
<arguments>
<arg>xpath=//*[@id="6"]</arg>
</arguments>
<msg timestamp="20230214 17:00:52.456" level="INFO">Clicking element 'xpath=//*[@id="6"]'.</msg>
<status status="PASS" starttime="20230214 17:00:52.454" endtime="20230214 17:00:52.568"></status>
</kw>
<kw name="Sleep" library="BuiltIn">
<doc>Pauses the test executed for the given time.</doc>
<arguments>
<arg>10</arg>
</arguments>
<msg timestamp="20230214 17:01:02.569" level="INFO">Slept 10 seconds</msg>
<status status="PASS" starttime="20230214 17:00:52.569" endtime="20230214 17:01:02.569"></status>
</kw>
<kw name="Click Button" library="SeleniumLibrary">
<doc>Clicks the button identified by ``locator``.</doc>
<arguments>
<arg>${Continue with selected seat button}</arg>
</arguments>
<msg timestamp="20230214 17:01:02.570" level="INFO">Clicking button 'xpath=//*[@id="sticky"]/div[2]/div/button[2]'.</msg>
<status status="PASS" starttime="20230214 17:01:02.569" endtime="20230214 17:01:02.654"></status>
</kw>
<kw name="Sleep" library="BuiltIn">
<doc>Pauses the test executed for the given time.</doc>
<arguments>
<arg>5</arg>
</arguments>
<msg timestamp="20230214 17:01:07.656" level="INFO">Slept 5 seconds</msg>
<status status="PASS" starttime="20230214 17:01:02.654" endtime="20230214 17:01:07.656"></status>
</kw>
<kw name="Click Button" library="SeleniumLibrary">
<doc>Clicks the button identified by ``locator``.</doc>
<arguments>
<arg>${Confirm selected table button}</arg>
</arguments>
<msg timestamp="20230214 17:01:07.657" level="INFO">Clicking button 'xpath=//*[@id="menuitems"]/div/div/div[3]/button[2]'.</msg>
<status status="PASS" starttime="20230214 17:01:07.656" endtime="20230214 17:01:07.721"></status>
</kw>
<kw name="Sleep" library="BuiltIn">
<doc>Pauses the test executed for the given time.</doc>
<arguments>
<arg>10</arg>
</arguments>
<msg timestamp="20230214 17:01:17.723" level="INFO">Slept 10 seconds</msg>
<status status="PASS" starttime="20230214 17:01:07.722" endtime="20230214 17:01:17.723"></status>
</kw>
<kw name="Click Button" library="SeleniumLibrary">
<doc>Clicks the button identified by ``locator``.</doc>
<arguments>
<arg>xpath:/html/body/div[1]/div[2]/div/mat-dialog-container/app-warning/div/div/div/div[3]/button[2]</arg>
</arguments>
<msg timestamp="20230214 17:01:17.724" level="INFO">Clicking button 'xpath:/html/body/div[1]/div[2]/div/mat-dialog-container/app-warning/div/div/div/div[3]/button[2]'.</msg>
<status status="PASS" starttime="20230214 17:01:17.723" endtime="20230214 17:01:17.779"></status>
</kw>
<kw name="Sleep" library="BuiltIn">
<doc>Pauses the test executed for the given time.</doc>
<arguments>
<arg>3</arg>
</arguments>
<msg timestamp="20230214 17:01:20.781" level="INFO">Slept 3 seconds</msg>
<status status="PASS" starttime="20230214 17:01:17.780" endtime="20230214 17:01:20.781"></status>
</kw>
<kw name="Sleep" library="BuiltIn">
<doc>Pauses the test executed for the given time.</doc>
<arguments>
<arg>30</arg>
</arguments>
<msg timestamp="20230214 17:01:50.782" level="INFO">Slept 30 seconds</msg>
<status status="PASS" starttime="20230214 17:01:20.782" endtime="20230214 17:01:50.783"></status>
</kw>
<kw name="Click Button" library="SeleniumLibrary">
<doc>Clicks the button identified by ``locator``.</doc>
<arguments>
<arg>xpath=/html/body/app-root/app-menu-layout/app-menu-display/section/div/div[2]/div[1]/div/div/div[3]/div[1]/div[1]/div/div[2]/button</arg>
</arguments>
<msg timestamp="20230214 17:01:50.785" level="INFO">Clicking button 'xpath=/html/body/app-root/app-menu-layout/app-menu-display/section/div/div[2]/div[1]/div/div/div[3]/div[1]/div[1]/div/div[2]/button'.</msg>
<status status="PASS" starttime="20230214 17:01:50.784" endtime="20230214 17:01:50.942"></status>
</kw>
<kw name="Sleep" library="BuiltIn">
<doc>Pauses the test executed for the given time.</doc>
<arguments>
<arg>10</arg>
</arguments>
<msg timestamp="20230214 17:02:00.944" level="INFO">Slept 10 seconds</msg>
<status status="PASS" starttime="20230214 17:01:50.943" endtime="20230214 17:02:00.944"></status>
</kw>
<kw name="Click Button" library="SeleniumLibrary">
<doc>Clicks the button identified by ``locator``.</doc>
<arguments>
<arg>xpath=/html/body/div[1]/div[2]/div/mat-dialog-container/app-add-cart-popup/div/div/div/div[3]/div[3]/div/button</arg>
</arguments>
<msg timestamp="20230214 17:02:00.947" level="INFO">Clicking button 'xpath=/html/body/div[1]/div[2]/div/mat-dialog-container/app-add-cart-popup/div/div/div/div[3]/div[3]/div/button'.</msg>
<status status="PASS" starttime="20230214 17:02:00.945" endtime="20230214 17:02:01.057"></status>
</kw>
<kw name="Sleep" library="BuiltIn">
<doc>Pauses the test executed for the given time.</doc>
<arguments>
<arg>10</arg>
</arguments>
<msg timestamp="20230214 17:02:11.058" level="INFO">Slept 10 seconds</msg>
<status status="PASS" starttime="20230214 17:02:01.057" endtime="20230214 17:02:11.058"></status>
</kw>
<kw name="Click Button" library="SeleniumLibrary">
<doc>Clicks the button identified by ``locator``.</doc>
<arguments>
<arg>xpath=/html/body/app-root/app-menu-layout/app-menu-display/section/div/div[2]/div[1]/div/div/div[3]/div[1]/div[2]/div/div[2]/button</arg>
</arguments>
<msg timestamp="20230214 17:02:11.059" level="INFO">Clicking button 'xpath=/html/body/app-root/app-menu-layout/app-menu-display/section/div/div[2]/div[1]/div/div/div[3]/div[1]/div[2]/div/div[2]/button'.</msg>
<status status="PASS" starttime="20230214 17:02:11.058" endtime="20230214 17:02:11.173"></status>
</kw>
<kw name="Sleep" library="BuiltIn">
<doc>Pauses the test executed for the given time.</doc>
<arguments>
<arg>10</arg>
</arguments>
<msg timestamp="20230214 17:02:21.175" level="INFO">Slept 10 seconds</msg>
<status status="PASS" starttime="20230214 17:02:11.174" endtime="20230214 17:02:21.175"></status>
</kw>
<kw name="Click Button" library="SeleniumLibrary">
<doc>Clicks the button identified by ``locator``.</doc>
<arguments>
<arg>xpath=/html/body/div[1]/div[2]/div/mat-dialog-container/app-add-cart-popup/div/div/div/div[3]/div[3]/div/button</arg>
</arguments>
<msg timestamp="20230214 17:02:21.178" level="INFO">Clicking button 'xpath=/html/body/div[1]/div[2]/div/mat-dialog-container/app-add-cart-popup/div/div/div/div[3]/div[3]/div/button'.</msg>
<status status="PASS" starttime="20230214 17:02:21.176" endtime="20230214 17:02:21.293"></status>
</kw>
<kw name="Sleep" library="BuiltIn">
<doc>Pauses the test executed for the given time.</doc>
<arguments>
<arg>15</arg>
</arguments>
<msg timestamp="20230214 17:02:36.294" level="INFO">Slept 15 seconds</msg>
<status status="PASS" starttime="20230214 17:02:21.294" endtime="20230214 17:02:36.295"></status>
</kw>
<kw name="Click Element" library="SeleniumLibrary">
<doc>Click the element identified by ``locator``.</doc>
<arguments>
<arg>${Select checkbox before checkout}</arg>
</arguments>
<msg timestamp="20230214 17:02:36.297" level="INFO">Clicking element 'xpath=//*[@id="exampleCheck1"]'.</msg>
<status status="PASS" starttime="20230214 17:02:36.295" endtime="20230214 17:02:36.409"></status>
</kw>
<kw name="Sleep" library="BuiltIn">
<doc>Pauses the test executed for the given time.</doc>
<arguments>
<arg>8</arg>
</arguments>
<msg timestamp="20230214 17:02:44.411" level="INFO">Slept 8 seconds</msg>
<status status="PASS" starttime="20230214 17:02:36.410" endtime="20230214 17:02:44.412"></status>
</kw>
<kw name="Click Button" library="SeleniumLibrary">
<doc>Clicks the button identified by ``locator``.</doc>
<arguments>
<arg>xpath=/html/body/app-root/app-menu-layout/app-menu-display/section/div/div[2]/div[2]/div/div[5]/button</arg>
</arguments>
<msg timestamp="20230214 17:02:44.414" level="INFO">Clicking button 'xpath=/html/body/app-root/app-menu-layout/app-menu-display/section/div/div[2]/div[2]/div/div[5]/button'.</msg>
<status status="PASS" starttime="20230214 17:02:44.413" endtime="20230214 17:02:44.538"></status>
</kw>
<kw name="Sleep" library="BuiltIn">
<doc>Pauses the test executed for the given time.</doc>
<arguments>
<arg>15</arg>
</arguments>
<msg timestamp="20230214 17:02:59.539" level="INFO">Slept 15 seconds</msg>
<status status="PASS" starttime="20230214 17:02:44.538" endtime="20230214 17:02:59.539"></status>
</kw>
<kw name="Click Element" library="SeleniumLibrary">
<doc>Click the element identified by ``locator``.</doc>
<arguments>
<arg>${Select checkbox before pay button}</arg>
</arguments>
<msg timestamp="20230214 17:02:59.542" level="INFO">Clicking element 'xpath=//*[@id="exampleCheck1"]'.</msg>
<status status="PASS" starttime="20230214 17:02:59.540" endtime="20230214 17:02:59.656"></status>
</kw>
<kw name="Sleep" library="BuiltIn">
<doc>Pauses the test executed for the given time.</doc>
<arguments>
<arg>8</arg>
</arguments>
<msg timestamp="20230214 17:03:07.658" level="INFO">Slept 8 seconds</msg>
<status status="PASS" starttime="20230214 17:02:59.657" endtime="20230214 17:03:07.659"></status>
</kw>
<kw name="Click Button" library="SeleniumLibrary">
<doc>Clicks the button identified by ``locator``.</doc>
<arguments>
<arg>xpath=/html/body/app-root/app-checkout/section[2]/div/div[3]/div[1]/div[4]/div[2]/div[2]/div/button</arg>
</arguments>
<msg timestamp="20230214 17:03:07.661" level="INFO">Clicking button 'xpath=/html/body/app-root/app-checkout/section[2]/div/div[3]/div[1]/div[4]/div[2]/div[2]/div/button'.</msg>
<status status="PASS" starttime="20230214 17:03:07.660" endtime="20230214 17:03:07.750"></status>
</kw>
<kw name="Sleep" library="BuiltIn">
<doc>Pauses the test executed for the given time.</doc>
<arguments>
<arg>8</arg>
</arguments>
<msg timestamp="20230214 17:03:15.752" level="INFO">Slept 8 seconds</msg>
<status status="PASS" starttime="20230214 17:03:07.751" endtime="20230214 17:03:15.752"></status>
</kw>
<kw name="Make Paypal payment" library="Paypal Payment Flow">
<kw name="Click Element" library="SeleniumLibrary">
<doc>Click the element identified by ``locator``.</doc>
<arguments>
<arg>${Paypal emailid/mobileno}</arg>
</arguments>
<msg timestamp="20230214 17:03:15.754" level="INFO">Clicking element 'xpath=//*[@id="email"]'.</msg>
<status status="PASS" starttime="20230214 17:03:15.753" endtime="20230214 17:03:15.818"></status>
</kw>
<kw name="Input Text" library="SeleniumLibrary">
<doc>Types the given ``text`` into the text field identified by ``locator``.</doc>
<arguments>
<arg>${Paypal emailid/mobileno}</arg>
<arg>alby@nextgencia.com</arg>
</arguments>
<msg timestamp="20230214 17:03:15.819" level="INFO">Typing text 'alby@nextgencia.com' into text field 'xpath=//*[@id="email"]'.</msg>
<status status="PASS" starttime="20230214 17:03:15.818" endtime="20230214 17:03:15.993"></status>
</kw>
<kw name="Sleep" library="BuiltIn">
<doc>Pauses the test executed for the given time.</doc>
<arguments>
<arg>2</arg>
</arguments>
<msg timestamp="20230214 17:03:17.993" level="INFO">Slept 2 seconds</msg>
<status status="PASS" starttime="20230214 17:03:15.993" endtime="20230214 17:03:17.993"></status>
</kw>
<kw name="Click Button" library="SeleniumLibrary">
<doc>Clicks the button identified by ``locator``.</doc>
<arguments>
<arg>${Sekect next button after paypal emailid/mobileno}</arg>
</arguments>
<msg timestamp="20230214 17:03:17.996" level="INFO">Clicking button 'xpath=//*[@id="btnNext"]'.</msg>
<status status="PASS" starttime="20230214 17:03:17.994" endtime="20230214 17:03:18.181"></status>
</kw>
<kw name="Sleep" library="BuiltIn">
<doc>Pauses the test executed for the given time.</doc>
<arguments>
<arg>5</arg>
</arguments>
<msg timestamp="20230214 17:03:23.182" level="INFO">Slept 5 seconds</msg>
<status status="PASS" starttime="20230214 17:03:18.181" endtime="20230214 17:03:23.182"></status>
</kw>
<kw name="Click Element" library="SeleniumLibrary">
<doc>Click the element identified by ``locator``.</doc>
<arguments>
<arg>${Paypal password}</arg>
</arguments>
<msg timestamp="20230214 17:03:23.185" level="INFO">Clicking element 'xpath=//*[@id="password"]'.</msg>
<status status="PASS" starttime="20230214 17:03:23.183" endtime="20230214 17:03:23.273"></status>
</kw>
<kw name="Input Password" library="SeleniumLibrary">
<doc>Types the given password into the text field identified by ``locator``.</doc>
<arguments>
<arg>${Paypal password}</arg>
<arg>alby@123#</arg>
</arguments>
<msg timestamp="20230214 17:03:23.274" level="INFO">Typing password into text field 'xpath=//*[@id="password"]'.</msg>
<msg timestamp="20230214 17:03:23.301" level="INFO">Temporally setting log level to: NONE</msg>
<msg timestamp="20230214 17:03:23.348" level="INFO">Log level changed from NONE to INFO.</msg>
<status status="PASS" starttime="20230214 17:03:23.273" endtime="20230214 17:03:23.349"></status>
</kw>
<kw name="Sleep" library="BuiltIn">
<doc>Pauses the test executed for the given time.</doc>
<arguments>
<arg>2</arg>
</arguments>
<msg timestamp="20230214 17:03:25.349" level="INFO">Slept 2 seconds</msg>
<status status="PASS" starttime="20230214 17:03:23.349" endtime="20230214 17:03:25.349"></status>
</kw>
<kw name="Click Button" library="SeleniumLibrary">
<doc>Clicks the button identified by ``locator``.</doc>
<arguments>
<arg>${Select login button}</arg>
</arguments>
<msg timestamp="20230214 17:03:25.350" level="INFO">Clicking button 'xpath=//*[@id="btnLogin"]'.</msg>
<status status="PASS" starttime="20230214 17:03:25.349" endtime="20230214 17:03:33.427"></status>
</kw>
<kw name="Sleep" library="BuiltIn">
<doc>Pauses the test executed for the given time.</doc>
<arguments>
<arg>3</arg>
</arguments>
<msg timestamp="20230214 17:03:36.428" level="INFO">Slept 3 seconds</msg>
<status status="PASS" starttime="20230214 17:03:33.427" endtime="20230214 17:03:36.428"></status>
</kw>
<kw name="Click Button" library="SeleniumLibrary">
<doc>Clicks the button identified by ``locator``.</doc>
<arguments>
<arg>${Confirm payment button}</arg>
</arguments>
<msg timestamp="20230214 17:03:36.433" level="INFO">Clicking button 'xpath=//*[@id="payment-submit-btn"]'.</msg>
<status status="PASS" starttime="20230214 17:03:36.430" endtime="20230214 17:03:36.595"></status>
</kw>
<kw name="Sleep" library="BuiltIn">
<doc>Pauses the test executed for the given time.</doc>
<arguments>
<arg>7</arg>
</arguments>
<msg timestamp="20230214 17:03:43.596" level="INFO">Slept 7 seconds</msg>
<status status="PASS" starttime="20230214 17:03:36.596" endtime="20230214 17:03:43.596"></status>
</kw>
<status status="PASS" starttime="20230214 17:03:15.752" endtime="20230214 17:03:43.596"></status>
</kw>
<kw name="Sleep" library="BuiltIn">
<doc>Pauses the test executed for the given time.</doc>
<arguments>
<arg>10</arg>
</arguments>
<msg timestamp="20230214 17:03:53.811" level="INFO">Slept 10 seconds</msg>
<status status="PASS" starttime="20230214 17:03:43.597" endtime="20230214 17:03:53.811"></status>
</kw>
<kw name="Page Should Contain" library="SeleniumLibrary">
<doc>Verifies that current page contains ``text``.</doc>
<arguments>
<arg>Thank you for your reservation</arg>
</arguments>
<msg timestamp="20230214 17:03:53.849" level="INFO">Current page contains text 'Thank you for your reservation'.</msg>
<status status="PASS" starttime="20230214 17:03:53.811" endtime="20230214 17:03:53.849"></status>
</kw>
<kw name="Sleep" library="BuiltIn">
<doc>Pauses the test executed for the given time.</doc>
<arguments>
<arg>2</arg>
</arguments>
<msg timestamp="20230214 17:03:55.850" level="INFO">Slept 2 seconds</msg>
<status status="PASS" starttime="20230214 17:03:53.850" endtime="20230214 17:03:55.850"></status>
</kw>
<kw name="Close Browser" library="SeleniumLibrary">
<doc>Closes the current browser.</doc>
<status status="PASS" starttime="20230214 17:03:55.851" endtime="20230214 17:03:59.106"></status>
</kw>
<status status="PASS" starttime="20230214 16:58:29.605" endtime="20230214 17:03:59.107" critical="yes"></status>
</test>
<doc>This is regression test scenarios for five flows</doc>
<status status="PASS" starttime="20230214 16:58:29.337" endtime="20230214 17:03:59.110"></status>
</suite>
<status status="PASS" starttime="20230214 16:58:29.333" endtime="20230214 17:03:59.119"></status>
</suite>
<status status="PASS" starttime="20230214 16:58:29.288" endtime="20230214 17:03:59.128"></status>
</suite>
<statistics>
<total>
<stat pass="1" fail="0">Critical Tests</stat>
<stat pass="1" fail="0">All Tests</stat>
</total>
<tag>
</tag>
<suite>
<stat pass="1" fail="0" id="s1" name="Foodnseat">Foodnseat</stat>
<stat pass="1" fail="0" id="s1-s1" name="Folder">Foodnseat.Folder</stat>
<stat pass="1" fail="0" id="s1-s1-s1" name="Test suite1">Foodnseat.Folder.Test suite1</stat>
</suite>
</statistics>
<errors>
</errors>
</robot>
