<?xml version="1.0" encoding="UTF-8"?>
<robot generator="Robot 3.2.2 (Python 3.11.0 on win32)" generated="20230227 19:51:29.821" rpa="false">
<suite id="s1" name="Foodnseat" source="C:\Users\User\git\Techgencia_foodnseat\Foodnseat">
<suite id="s1-s1" name="Folder" source="C:\Users\User\git\Techgencia_foodnseat\Foodnseat\Folder">
<suite id="s1-s1-s1" name="Test suite1" source="C:\Users\User\git\Techgencia_foodnseat\Foodnseat\Folder\Test suite1.robot">
<test id="s1-s1-s1-t1" name="Split payment flow part2">
<kw name="Open Browser" library="SeleniumLibrary">
<doc>Opens a new browser instance to the optional ``url``.</doc>
<arguments>
<arg>https://eatnseat.nextgencia.com/tableReserv/splitpay?key=bdc574a3-962d-4434-8419-d067db7eea3a&amp;Orderid=14840&amp;IsSplitPay=True</arg>
<arg>Chrome</arg>
</arguments>
<msg timestamp="20230227 19:51:30.361" level="INFO">Opening browser 'Chrome' to base url 'https://eatnseat.nextgencia.com/tableReserv/splitpay?key=bdc574a3-962d-4434-8419-d067db7eea3a&amp;Orderid=14840&amp;IsSplitPay=True'.</msg>
<status status="PASS" starttime="20230227 19:51:30.361" endtime="20230227 19:51:43.917"></status>
</kw>
<kw name="Maximize Browser Window" library="SeleniumLibrary">
<doc>Maximizes current browser window.</doc>
<status status="PASS" starttime="20230227 19:51:43.927" endtime="20230227 19:51:44.049"></status>
</kw>
<kw name="Sleep" library="BuiltIn">
<doc>Pauses the test executed for the given time.</doc>
<arguments>
<arg>5</arg>
</arguments>
<msg timestamp="20230227 19:51:49.052" level="INFO">Slept 5 seconds</msg>
<status status="PASS" starttime="20230227 19:51:44.051" endtime="20230227 19:51:49.053"></status>
</kw>
<kw name="Input Text" library="SeleniumLibrary">
<doc>Types the given ``text`` into the text field identified by ``locator``.</doc>
<arguments>
<arg>id:exampleInputEmail1</arg>
<arg>samjoetest2@gmail.com</arg>
</arguments>
<msg timestamp="20230227 19:51:49.056" level="INFO">Typing text 'samjoetest2@gmail.com' into text field 'id:exampleInputEmail1'.</msg>
<status status="PASS" starttime="20230227 19:51:49.054" endtime="20230227 19:51:49.239"></status>
</kw>
<kw name="Sleep" library="BuiltIn">
<doc>Pauses the test executed for the given time.</doc>
<arguments>
<arg>2</arg>
</arguments>
<msg timestamp="20230227 19:51:51.240" level="INFO">Slept 2 seconds</msg>
<status status="PASS" starttime="20230227 19:51:49.240" endtime="20230227 19:51:51.240"></status>
</kw>
<kw name="Input Password" library="SeleniumLibrary">
<doc>Types the given password into the text field identified by ``locator``.</doc>
<arguments>
<arg>id:mat-input-1</arg>
<arg>Samjoetest121@gmail.com</arg>
</arguments>
<msg timestamp="20230227 19:51:51.241" level="INFO">Typing password into text field 'id:mat-input-1'.</msg>
<msg timestamp="20230227 19:51:51.290" level="INFO">Temporally setting log level to: NONE</msg>
<msg timestamp="20230227 19:51:51.402" level="INFO">Log level changed from NONE to INFO.</msg>
<status status="PASS" starttime="20230227 19:51:51.240" endtime="20230227 19:51:51.403"></status>
</kw>
<kw name="Sleep" library="BuiltIn">
<doc>Pauses the test executed for the given time.</doc>
<arguments>
<arg>2</arg>
</arguments>
<msg timestamp="20230227 19:51:53.404" level="INFO">Slept 2 seconds</msg>
<status status="PASS" starttime="20230227 19:51:51.403" endtime="20230227 19:51:53.404"></status>
</kw>
<kw name="Click Button" library="SeleniumLibrary">
<doc>Clicks the button identified by ``locator``.</doc>
<arguments>
<arg>xpath://*[@id="mat-dialog-0"]/app-login/div/button</arg>
</arguments>
<msg timestamp="20230227 19:51:53.406" level="INFO">Clicking button 'xpath://*[@id="mat-dialog-0"]/app-login/div/button'.</msg>
<status status="PASS" starttime="20230227 19:51:53.405" endtime="20230227 19:51:53.508"></status>
</kw>
<kw name="Sleep" library="BuiltIn">
<doc>Pauses the test executed for the given time.</doc>
<arguments>
<arg>15</arg>
</arguments>
<msg timestamp="20230227 19:52:08.510" level="INFO">Slept 15 seconds</msg>
<status status="PASS" starttime="20230227 19:51:53.509" endtime="20230227 19:52:08.510"></status>
</kw>
<kw name="Click Button" library="SeleniumLibrary">
<doc>Clicks the button identified by ``locator``.</doc>
<arguments>
<arg>xpath:/html/body/app-root/app-checkout/section[2]/div/div[3]/div[1]/div[4]/div[2]/div[2]/button</arg>
</arguments>
<msg timestamp="20230227 19:52:08.511" level="INFO">Clicking button 'xpath:/html/body/app-root/app-checkout/section[2]/div/div[3]/div[1]/div[4]/div[2]/div[2]/button'.</msg>
<status status="PASS" starttime="20230227 19:52:08.510" endtime="20230227 19:52:09.101"></status>
</kw>
<kw name="Sleep" library="BuiltIn">
<doc>Pauses the test executed for the given time.</doc>
<arguments>
<arg>10</arg>
</arguments>
<msg timestamp="20230227 19:52:19.103" level="INFO">Slept 10 seconds</msg>
<status status="PASS" starttime="20230227 19:52:09.102" endtime="20230227 19:52:19.104"></status>
</kw>
<kw name="Make Paypal payment" library="Paypal Payment Flow">
<kw name="Click Element" library="SeleniumLibrary">
<doc>Click the element identified by ``locator``.</doc>
<arguments>
<arg>${Paypal emailid/mobileno}</arg>
</arguments>
<msg timestamp="20230227 19:52:19.105" level="INFO">Clicking element 'xpath=//*[@id="email"]'.</msg>
<status status="PASS" starttime="20230227 19:52:19.105" endtime="20230227 19:52:19.241"></status>
</kw>
<kw name="Input Text" library="SeleniumLibrary">
<doc>Types the given ``text`` into the text field identified by ``locator``.</doc>
<arguments>
<arg>${Paypal emailid/mobileno}</arg>
<arg>alby@nextgencia.com</arg>
</arguments>
<msg timestamp="20230227 19:52:19.241" level="INFO">Typing text 'alby@nextgencia.com' into text field 'xpath=//*[@id="email"]'.</msg>
<status status="PASS" starttime="20230227 19:52:19.241" endtime="20230227 19:52:19.381"></status>
</kw>
<kw name="Sleep" library="BuiltIn">
<doc>Pauses the test executed for the given time.</doc>
<arguments>
<arg>2</arg>
</arguments>
<msg timestamp="20230227 19:52:21.382" level="INFO">Slept 2 seconds</msg>
<status status="PASS" starttime="20230227 19:52:19.381" endtime="20230227 19:52:21.382"></status>
</kw>
<kw name="Click Button" library="SeleniumLibrary">
<doc>Clicks the button identified by ``locator``.</doc>
<arguments>
<arg>${Sekect next button after paypal emailid/mobileno}</arg>
</arguments>
<msg timestamp="20230227 19:52:21.383" level="INFO">Clicking button 'xpath=//*[@id="btnNext"]'.</msg>
<status status="PASS" starttime="20230227 19:52:21.382" endtime="20230227 19:52:22.335"></status>
</kw>
<kw name="Sleep" library="BuiltIn">
<doc>Pauses the test executed for the given time.</doc>
<arguments>
<arg>5</arg>
</arguments>
<msg timestamp="20230227 19:52:27.336" level="INFO">Slept 5 seconds</msg>
<status status="PASS" starttime="20230227 19:52:22.335" endtime="20230227 19:52:27.337"></status>
</kw>
<kw name="Click Element" library="SeleniumLibrary">
<doc>Click the element identified by ``locator``.</doc>
<arguments>
<arg>${Paypal password}</arg>
</arguments>
<msg timestamp="20230227 19:52:27.340" level="INFO">Clicking element 'xpath=//*[@id="password"]'.</msg>
<status status="PASS" starttime="20230227 19:52:27.338" endtime="20230227 19:52:27.439"></status>
</kw>
<kw name="Input Password" library="SeleniumLibrary">
<doc>Types the given password into the text field identified by ``locator``.</doc>
<arguments>
<arg>${Paypal password}</arg>
<arg>alby@123#</arg>
</arguments>
<msg timestamp="20230227 19:52:27.441" level="INFO">Typing password into text field 'xpath=//*[@id="password"]'.</msg>
<msg timestamp="20230227 19:52:27.518" level="INFO">Temporally setting log level to: NONE</msg>
<msg timestamp="20230227 19:52:27.575" level="INFO">Log level changed from NONE to INFO.</msg>
<status status="PASS" starttime="20230227 19:52:27.440" endtime="20230227 19:52:27.576"></status>
</kw>
<kw name="Sleep" library="BuiltIn">
<doc>Pauses the test executed for the given time.</doc>
<arguments>
<arg>2</arg>
</arguments>
<msg timestamp="20230227 19:52:29.576" level="INFO">Slept 2 seconds</msg>
<status status="PASS" starttime="20230227 19:52:27.576" endtime="20230227 19:52:29.577"></status>
</kw>
<kw name="Click Button" library="SeleniumLibrary">
<doc>Clicks the button identified by ``locator``.</doc>
<arguments>
<arg>${Select login button}</arg>
</arguments>
<msg timestamp="20230227 19:52:29.580" level="INFO">Clicking button 'xpath=//*[@id="btnLogin"]'.</msg>
<status status="PASS" starttime="20230227 19:52:29.578" endtime="20230227 19:52:41.776"></status>
</kw>
<kw name="Sleep" library="BuiltIn">
<doc>Pauses the test executed for the given time.</doc>
<arguments>
<arg>3</arg>
</arguments>
<msg timestamp="20230227 19:52:44.778" level="INFO">Slept 3 seconds</msg>
<status status="PASS" starttime="20230227 19:52:41.777" endtime="20230227 19:52:44.778"></status>
</kw>
<kw name="Click Button" library="SeleniumLibrary">
<doc>Clicks the button identified by ``locator``.</doc>
<arguments>
<arg>${Confirm payment button}</arg>
</arguments>
<msg timestamp="20230227 19:52:44.781" level="INFO">Clicking button 'xpath=//*[@id="payment-submit-btn"]'.</msg>
<status status="PASS" starttime="20230227 19:52:44.779" endtime="20230227 19:52:44.944"></status>
</kw>
<kw name="Sleep" library="BuiltIn">
<doc>Pauses the test executed for the given time.</doc>
<arguments>
<arg>7</arg>
</arguments>
<msg timestamp="20230227 19:52:51.944" level="INFO">Slept 7 seconds</msg>
<status status="PASS" starttime="20230227 19:52:44.944" endtime="20230227 19:52:51.944"></status>
</kw>
<status status="PASS" starttime="20230227 19:52:19.104" endtime="20230227 19:52:51.945"></status>
</kw>
<kw name="Sleep" library="BuiltIn">
<doc>Pauses the test executed for the given time.</doc>
<arguments>
<arg>10</arg>
</arguments>
<msg timestamp="20230227 19:53:01.948" level="INFO">Slept 10 seconds</msg>
<status status="PASS" starttime="20230227 19:52:51.946" endtime="20230227 19:53:01.949"></status>
</kw>
<kw name="Page Should Contain" library="SeleniumLibrary">
<doc>Verifies that current page contains ``text``.</doc>
<arguments>
<arg>Thank you for your reservation</arg>
</arguments>
<msg timestamp="20230227 19:53:03.805" level="INFO">Current page contains text 'Thank you for your reservation'.</msg>
<status status="PASS" starttime="20230227 19:53:01.949" endtime="20230227 19:53:03.806"></status>
</kw>
<kw name="Sleep" library="BuiltIn">
<doc>Pauses the test executed for the given time.</doc>
<arguments>
<arg>2</arg>
</arguments>
<msg timestamp="20230227 19:53:05.806" level="INFO">Slept 2 seconds</msg>
<status status="PASS" starttime="20230227 19:53:03.806" endtime="20230227 19:53:05.806"></status>
</kw>
<kw name="Close Browser" library="SeleniumLibrary">
<doc>Closes the current browser.</doc>
<status status="PASS" starttime="20230227 19:53:05.806" endtime="20230227 19:53:09.835"></status>
</kw>
<status status="PASS" starttime="20230227 19:51:30.360" endtime="20230227 19:53:09.836" critical="yes"></status>
</test>
<doc>This is regression test scenarios for five flows</doc>
<status status="PASS" starttime="20230227 19:51:30.094" endtime="20230227 19:53:09.840"></status>
</suite>
<status status="PASS" starttime="20230227 19:51:30.091" endtime="20230227 19:53:09.849"></status>
</suite>
<status status="PASS" starttime="20230227 19:51:30.031" endtime="20230227 19:53:09.857"></status>
</suite>
<statistics>
<total>
<stat pass="1" fail="0">Critical Tests</stat>
<stat pass="1" fail="0">All Tests</stat>
</total>
<tag>
</tag>
<suite>
<stat pass="1" fail="0" id="s1" name="Foodnseat">Foodnseat</stat>
<stat pass="1" fail="0" id="s1-s1" name="Folder">Foodnseat.Folder</stat>
<stat pass="1" fail="0" id="s1-s1-s1" name="Test suite1">Foodnseat.Folder.Test suite1</stat>
</suite>
</statistics>
<errors>
</errors>
</robot>
